<?xml version="1.0" encoding="UTF-8"?>
<testng-results ignored="0" total="3" passed="3" failed="0" skipped="0">
  <reporter-output>
  </reporter-output>
  <suite started-at="2024-10-02T21:16:34 EEST" name="Surefire suite" finished-at="2024-10-02T21:16:37 EEST" duration-ms="2384">
    <groups>
    </groups>
    <test started-at="2024-10-02T21:16:34 EEST" name="Surefire test" finished-at="2024-10-02T21:16:37 EEST" duration-ms="2384">
      <class name="com.demo.tests.ApiTests">
        <test-method is-config="true" signature="setup()[pri:0, instance:com.demo.tests.ApiTests@7ea9e1e2]" started-at="2024-10-02T21:16:34 EEST" name="setup" finished-at="2024-10-02T21:16:34 EEST" duration-ms="143" status="PASS">
          <reporter-output>
          </reporter-output>
        </test-method> <!-- setup -->
        <test-method signature="testCreateUser()[pri:0, instance:com.demo.tests.ApiTests@7ea9e1e2]" started-at="2024-10-02T21:16:34 EEST" name="testCreateUser" finished-at="2024-10-02T21:16:36 EEST" duration-ms="1200" status="PASS">
          <reporter-output>
          </reporter-output>
        </test-method> <!-- testCreateUser -->
        <test-method signature="testListUsers()[pri:0, instance:com.demo.tests.ApiTests@7ea9e1e2]" started-at="2024-10-02T21:16:36 EEST" name="testListUsers" finished-at="2024-10-02T21:16:36 EEST" duration-ms="475" status="PASS">
          <reporter-output>
          </reporter-output>
        </test-method> <!-- testListUsers -->
        <test-method signature="testUpdateUser()[pri:0, instance:com.demo.tests.ApiTests@7ea9e1e2]" started-at="2024-10-02T21:16:36 EEST" name="testUpdateUser" finished-at="2024-10-02T21:16:37 EEST" duration-ms="521" status="PASS">
          <reporter-output>
          </reporter-output>
        </test-method> <!-- testUpdateUser -->
      </class> <!-- com.demo.tests.ApiTests -->
    </test> <!-- Surefire test -->
  </suite> <!-- Surefire suite -->
</testng-results>
