<?xml version="1.0" encoding="UTF-8"?>
<!-- Generated by org.testng.reporters.JUnitXMLReporter -->
<testsuite ignored="0" hostname="EsRaas-MacBook-Air.local" failures="0" tests="3" name="Surefire test" time="2.384" errors="0" timestamp="2024-10-02T21:16:37 EEST">
  <testcase classname="com.demo.tests.ApiTests" name="testCreateUser" time="1.2"/>
  <testcase classname="com.demo.tests.ApiTests" name="testListUsers" time="0.475"/>
  <testcase classname="com.demo.tests.ApiTests" name="testUpdateUser" time="0.521"/>
</testsuite> <!-- Surefire test -->
